<?xml version="1.0" encoding="UTF-8"?>
<!-- Generated by org.testng.reporters.JUnitXMLReporter -->
<testsuite ignored="0" hostname="Addys-PC" failures="1" tests="1" name="TestFour" time="4.19" errors="0" timestamp="08 Feb 2025 12:24:29 GMT">
  <testcase classname="tests.FourTest" name="TestFour" time="3.883">
    <failure type="java.lang.AssertionError" message="expected [true] but found [false]">
      <![CDATA[java.lang.AssertionError: expected [true] but found [false]
	at tests.FourTest.TestFour(FourTest.java:21)
... Removed 29 stack frames]]>
    </failure>
  </testcase> <!-- TestFour -->
</testsuite> <!-- TestFour -->
